{"level":"info","message":"Identity service running on port 3002","service":"post-service","timestamp":"2025-07-21T14:49:02.069Z"}
{"level":"info","message":"Connected to the mongo db","service":"post-service","timestamp":"2025-07-21T14:49:04.142Z"}
{"level":"info","message":"Received POST request to /api/posts/create-post","service":"post-service","timestamp":"2025-07-21T15:14:22.407Z"}
{"level":"info","message":"Request body,  [object Object]","service":"post-service","timestamp":"2025-07-21T15:14:22.408Z"}
{"level":"error","message":"ReferenceError: error is not defined\n    at createPost (C:\\Users\\User\\Desktop\\node.js-microservices\\post-service\\src\\controllers\\post-controller.js:20:41)\n    at Layer.handleRequest (C:\\Users\\User\\Desktop\\node.js-microservices\\post-service\\node_modules\\router\\lib\\layer.js:152:17)\n    at next (C:\\Users\\User\\Desktop\\node.js-microservices\\post-service\\node_modules\\router\\lib\\route.js:157:13)\n    at Route.dispatch (C:\\Users\\User\\Desktop\\node.js-microservices\\post-service\\node_modules\\router\\lib\\route.js:117:3)\n    at handle (C:\\Users\\User\\Desktop\\node.js-microservices\\post-service\\node_modules\\router\\index.js:435:11)\n    at Layer.handleRequest (C:\\Users\\User\\Desktop\\node.js-microservices\\post-service\\node_modules\\router\\lib\\layer.js:152:17)\n    at C:\\Users\\User\\Desktop\\node.js-microservices\\post-service\\node_modules\\router\\index.js:295:15\n    at processParams (C:\\Users\\User\\Desktop\\node.js-microservices\\post-service\\node_modules\\router\\index.js:582:12)\n    at next (C:\\Users\\User\\Desktop\\node.js-microservices\\post-service\\node_modules\\router\\index.js:291:5)\n    at authenticateRequest (C:\\Users\\User\\Desktop\\node.js-microservices\\post-service\\src\\middleware\\authMiddleware.js:15:3)","service":"post-service","timestamp":"2025-07-21T15:14:22.411Z"}
{"level":"info","message":"Identity service running on port 3002","service":"post-service","timestamp":"2025-07-21T15:15:57.455Z"}
{"level":"info","message":"Connected to the mongo db","service":"post-service","timestamp":"2025-07-21T15:15:59.674Z"}
{"level":"info","message":"Received POST request to /api/posts/create-post","service":"post-service","timestamp":"2025-07-21T15:16:43.302Z"}
{"level":"info","message":"Request body,  [object Object]","service":"post-service","timestamp":"2025-07-21T15:16:43.304Z"}
{"level":"error","message":"Error creating post Post is not defined","service":"post-service","stack":"ReferenceError: Post is not defined\n    at createPost (C:\\Users\\User\\Desktop\\node.js-microservices\\post-service\\src\\controllers\\post-controller.js:6:30)\n    at Layer.handleRequest (C:\\Users\\User\\Desktop\\node.js-microservices\\post-service\\node_modules\\router\\lib\\layer.js:152:17)\n    at next (C:\\Users\\User\\Desktop\\node.js-microservices\\post-service\\node_modules\\router\\lib\\route.js:157:13)\n    at Route.dispatch (C:\\Users\\User\\Desktop\\node.js-microservices\\post-service\\node_modules\\router\\lib\\route.js:117:3)\n    at handle (C:\\Users\\User\\Desktop\\node.js-microservices\\post-service\\node_modules\\router\\index.js:435:11)\n    at Layer.handleRequest (C:\\Users\\User\\Desktop\\node.js-microservices\\post-service\\node_modules\\router\\lib\\layer.js:152:17)\n    at C:\\Users\\User\\Desktop\\node.js-microservices\\post-service\\node_modules\\router\\index.js:295:15\n    at processParams (C:\\Users\\User\\Desktop\\node.js-microservices\\post-service\\node_modules\\router\\index.js:582:12)\n    at next (C:\\Users\\User\\Desktop\\node.js-microservices\\post-service\\node_modules\\router\\index.js:291:5)\n    at authenticateRequest (C:\\Users\\User\\Desktop\\node.js-microservices\\post-service\\src\\middleware\\authMiddleware.js:15:3)","timestamp":"2025-07-21T15:16:43.310Z"}
{"level":"info","message":"Identity service running on port 3002","service":"post-service","timestamp":"2025-07-21T15:18:26.573Z"}
{"level":"info","message":"Connected to the mongo db","service":"post-service","timestamp":"2025-07-21T15:18:28.801Z"}
{"level":"info","message":"Received POST request to /api/posts/create-post","service":"post-service","timestamp":"2025-07-21T15:18:29.575Z"}
{"level":"info","message":"Request body,  [object Object]","service":"post-service","timestamp":"2025-07-21T15:18:29.577Z"}
{"_message":"Post validation failed","errors":{"content":{"kind":"required","message":"Path `content` is required.","name":"ValidatorError","path":"content","properties":{"message":"Path `content` is required.","path":"content","type":"required"}}},"level":"error","message":"Error creating post Post validation failed: content: Path `content` is required.","service":"post-service","stack":"ValidationError: Post validation failed: content: Path `content` is required.\n    at Document.invalidate (C:\\Users\\User\\Desktop\\node.js-microservices\\post-service\\node_modules\\mongoose\\lib\\document.js:3354:32)\n    at C:\\Users\\User\\Desktop\\node.js-microservices\\post-service\\node_modules\\mongoose\\lib\\document.js:3115:17\n    at C:\\Users\\User\\Desktop\\node.js-microservices\\post-service\\node_modules\\mongoose\\lib\\schemaType.js:1410:9\n    at process.processTicksAndRejections (node:internal/process/task_queues:85:11)","timestamp":"2025-07-21T15:18:29.623Z"}
{"level":"info","message":"Identity service running on port 3002","service":"post-service","timestamp":"2025-07-21T15:23:22.697Z"}
{"level":"info","message":"Connected to the mongo db","service":"post-service","timestamp":"2025-07-21T15:23:26.284Z"}
{"level":"info","message":"Identity service running on port 3002","service":"post-service","timestamp":"2025-07-21T15:24:15.196Z"}
{"level":"info","message":"Connected to the mongo db","service":"post-service","timestamp":"2025-07-21T15:24:17.233Z"}
{"level":"info","message":"Identity service running on port 3002","service":"post-service","timestamp":"2025-07-21T15:24:24.899Z"}
{"level":"info","message":"Connected to the mongo db","service":"post-service","timestamp":"2025-07-21T15:24:26.919Z"}
{"level":"info","message":"Identity service running on port 3002","service":"post-service","timestamp":"2025-07-21T15:24:44.614Z"}
{"level":"info","message":"Identity service running on port 3002","service":"post-service","timestamp":"2025-07-21T15:24:47.450Z"}
{"level":"info","message":"Identity service running on port 3002","service":"post-service","timestamp":"2025-07-21T15:24:50.569Z"}
{"level":"info","message":"Identity service running on port 3002","service":"post-service","timestamp":"2025-07-21T15:24:55.809Z"}
{"level":"info","message":"Connected to the mongo db","service":"post-service","timestamp":"2025-07-21T15:24:57.777Z"}
{"level":"info","message":"Identity service running on port 3002","service":"post-service","timestamp":"2025-07-21T15:25:06.513Z"}
{"level":"info","message":"Connected to the mongo db","service":"post-service","timestamp":"2025-07-21T15:25:08.573Z"}
{"level":"info","message":"Identity service running on port 3002","service":"post-service","timestamp":"2025-07-21T15:25:15.523Z"}
{"level":"info","message":"Identity service running on port 3002","service":"post-service","timestamp":"2025-07-21T15:25:17.824Z"}
{"level":"info","message":"Connected to the mongo db","service":"post-service","timestamp":"2025-07-21T15:25:20.042Z"}
{"level":"info","message":"Identity service running on port 3002","service":"post-service","timestamp":"2025-07-21T15:25:30.923Z"}
{"level":"info","message":"Identity service running on port 3002","service":"post-service","timestamp":"2025-07-21T15:25:33.116Z"}
{"level":"info","message":"Connected to the mongo db","service":"post-service","timestamp":"2025-07-21T15:25:35.357Z"}
{"level":"info","message":"Identity service running on port 3002","service":"post-service","timestamp":"2025-07-21T15:26:57.303Z"}
{"level":"info","message":"Identity service running on port 3002","service":"post-service","timestamp":"2025-07-21T15:27:00.396Z"}
{"level":"info","message":"Identity service running on port 3002","service":"post-service","timestamp":"2025-07-21T15:27:03.397Z"}
{"level":"info","message":"Identity service running on port 3002","service":"post-service","timestamp":"2025-07-21T15:27:06.389Z"}
{"level":"info","message":"Identity service running on port 3002","service":"post-service","timestamp":"2025-07-21T15:27:09.132Z"}
{"level":"info","message":"Connected to the mongo db","service":"post-service","timestamp":"2025-07-21T15:27:11.352Z"}
{"level":"info","message":"Identity service running on port 3002","service":"post-service","timestamp":"2025-07-21T15:27:14.587Z"}
{"level":"info","message":"Identity service running on port 3002","service":"post-service","timestamp":"2025-07-21T15:27:17.460Z"}
{"level":"info","message":"Connected to the mongo db","service":"post-service","timestamp":"2025-07-21T15:27:19.547Z"}
{"level":"info","message":"Identity service running on port 3002","service":"post-service","timestamp":"2025-07-21T15:27:30.017Z"}
{"level":"info","message":"Connected to the mongo db","service":"post-service","timestamp":"2025-07-21T15:27:32.242Z"}
{"level":"info","message":"Received POST request to /api/posts/create-post","service":"post-service","timestamp":"2025-07-21T15:27:39.652Z"}
{"level":"info","message":"Request body,  [object Object]","service":"post-service","timestamp":"2025-07-21T15:27:39.653Z"}
{"level":"info","message":"Create post endpoint hit","service":"post-service","timestamp":"2025-07-21T15:27:39.656Z"}
{"0":"\"","1":"c","10":"i","11":"s","12":" ","13":"r","14":"e","15":"q","16":"u","17":"i","18":"r","19":"e","2":"o","20":"d","3":"n","4":"t","5":"e","6":"n","7":"t","8":"\"","9":" ","level":"warn","message":"Validation error","service":"post-service","timestamp":"2025-07-21T15:27:39.674Z"}
{"level":"info","message":"Received POST request to /api/posts/create-post","service":"post-service","timestamp":"2025-07-21T15:28:04.345Z"}
{"level":"info","message":"Request body,  [object Object]","service":"post-service","timestamp":"2025-07-21T15:28:04.346Z"}
{"level":"info","message":"Create post endpoint hit","service":"post-service","timestamp":"2025-07-21T15:28:04.347Z"}
{"$__":{"$versionError":null,"activePaths":{"paths":{"content":"require","user":"require"},"states":{"default":{},"modify":{},"require":{"content":true,"user":true}}},"backup":{"activePaths":{"default":{"_id":true,"createdAt":true},"modify":{"content":true,"mediaIds":true,"updatedAt":true,"user":true}},"validationError":null},"cachedRequired":{},"inserting":false,"op":null,"pathsToScopes":{"mediaIds":{"__v":0,"_id":"687e5c840b58adb434cfe314","content":"Hello World! It is content. ","createdAt":"2025-07-21T15:28:04.367Z","mediaIds":[],"updatedAt":"2025-07-21T15:28:04.367Z","user":"687be7064ce236ed1e2dc874"}},"saveOptions":null,"savedState":{},"saving":null,"validating":null,"validationError":null},"$isNew":false,"_doc":{"__v":0,"_id":"687e5c840b58adb434cfe314","content":"Hello World! It is content. ","createdAt":"2025-07-21T15:28:04.367Z","mediaIds":[],"updatedAt":"2025-07-21T15:28:04.367Z","user":"687be7064ce236ed1e2dc874"},"level":"info","message":"Post created successfully","service":"post-service","timestamp":"2025-07-21T15:28:04.780Z"}
