{"level":"info","message":"Identity service running on port 3001","service":"identity-service","timestamp":"2025-07-16T17:41:47.094Z"}
{"level":"info","message":"Connected to the mongo db","service":"identity-service","timestamp":"2025-07-16T17:41:49.491Z"}
{"0":"r","1":"e","2":"a","3":"s","4":"o","5":"n","6":":","7":" ","level":"error","message":"Unhandled Rejection at","service":"identity-service","timestamp":"2025-07-16T17:41:57.991Z"}
{"0":"r","1":"e","2":"a","3":"s","4":"o","5":"n","6":":","7":" ","level":"error","message":"Unhandled Rejection at","service":"identity-service","timestamp":"2025-07-16T17:41:57.994Z"}
{"level":"info","message":"Identity service running on port 3001","service":"identity-service","timestamp":"2025-07-16T18:00:40.869Z"}
{"level":"info","message":"Connected to the mongo db","service":"identity-service","timestamp":"2025-07-16T18:00:43.614Z"}
{"level":"info","message":"Identity service running on port 3001","service":"identity-service","timestamp":"2025-07-19T18:22:22.045Z"}
{"level":"info","message":"Connected to the mongo db","service":"identity-service","timestamp":"2025-07-19T18:22:24.525Z"}
{"level":"info","message":"Received GET request to /api/auth/register","service":"identity-service","timestamp":"2025-07-19T18:30:35.179Z"}
{"level":"info","message":"Request body,  undefined","service":"identity-service","timestamp":"2025-07-19T18:30:35.179Z"}
{"level":"info","message":"Received POST request to /api/auth/register","service":"identity-service","timestamp":"2025-07-19T18:32:54.314Z"}
{"level":"info","message":"Request body,  [object Object]","service":"identity-service","timestamp":"2025-07-19T18:32:54.315Z"}
{"level":"info","message":"Registration endpoint hit...","service":"identity-service","timestamp":"2025-07-19T18:32:54.323Z"}
{"level":"error","message":"ReferenceError: e is not defined\n    at registerUser (C:\\Users\\User\\Desktop\\node.js-microservices\\identity-service\\src\\controllers\\identity-controller.js:44:48)\n    at Layer.handleRequest (C:\\Users\\User\\Desktop\\node.js-microservices\\identity-service\\node_modules\\router\\lib\\layer.js:152:17)\n    at next (C:\\Users\\User\\Desktop\\node.js-microservices\\identity-service\\node_modules\\router\\lib\\route.js:157:13)\n    at Route.dispatch (C:\\Users\\User\\Desktop\\node.js-microservices\\identity-service\\node_modules\\router\\lib\\route.js:117:3)\n    at handle (C:\\Users\\User\\Desktop\\node.js-microservices\\identity-service\\node_modules\\router\\index.js:435:11)\n    at Layer.handleRequest (C:\\Users\\User\\Desktop\\node.js-microservices\\identity-service\\node_modules\\router\\lib\\layer.js:152:17)\n    at C:\\Users\\User\\Desktop\\node.js-microservices\\identity-service\\node_modules\\router\\index.js:295:15\n    at processParams (C:\\Users\\User\\Desktop\\node.js-microservices\\identity-service\\node_modules\\router\\index.js:582:12)\n    at next (C:\\Users\\User\\Desktop\\node.js-microservices\\identity-service\\node_modules\\router\\index.js:291:5)\n    at Function.handle (C:\\Users\\User\\Desktop\\node.js-microservices\\identity-service\\node_modules\\router\\index.js:186:3)","service":"identity-service","timestamp":"2025-07-19T18:32:54.339Z"}
{"level":"info","message":"Identity service running on port 3001","service":"identity-service","timestamp":"2025-07-19T18:33:40.315Z"}
{"level":"info","message":"Connected to the mongo db","service":"identity-service","timestamp":"2025-07-19T18:33:42.478Z"}
{"level":"info","message":"Identity service running on port 3001","service":"identity-service","timestamp":"2025-07-19T18:34:31.681Z"}
{"level":"info","message":"Connected to the mongo db","service":"identity-service","timestamp":"2025-07-19T18:34:33.706Z"}
{"level":"info","message":"Identity service running on port 3001","service":"identity-service","timestamp":"2025-07-19T18:34:41.044Z"}
{"level":"info","message":"Connected to the mongo db","service":"identity-service","timestamp":"2025-07-19T18:34:43.272Z"}
{"level":"info","message":"Identity service running on port 3001","service":"identity-service","timestamp":"2025-07-19T18:36:12.167Z"}
{"level":"info","message":"Identity service running on port 3001","service":"identity-service","timestamp":"2025-07-19T18:36:15.452Z"}
{"level":"info","message":"Connected to the mongo db","service":"identity-service","timestamp":"2025-07-19T18:36:17.508Z"}
{"level":"info","message":"Identity service running on port 3001","service":"identity-service","timestamp":"2025-07-19T18:36:21.408Z"}
{"level":"info","message":"Identity service running on port 3001","service":"identity-service","timestamp":"2025-07-19T18:36:23.858Z"}
{"level":"info","message":"Identity service running on port 3001","service":"identity-service","timestamp":"2025-07-19T18:36:27.281Z"}
{"level":"info","message":"Identity service running on port 3001","service":"identity-service","timestamp":"2025-07-19T18:36:29.235Z"}
{"level":"info","message":"Received POST request to /api/auth/register","service":"identity-service","timestamp":"2025-07-19T18:36:30.003Z"}
{"level":"info","message":"Request body,  [object Object]","service":"identity-service","timestamp":"2025-07-19T18:36:30.005Z"}
{"level":"info","message":"Registration endpoint hit...","service":"identity-service","timestamp":"2025-07-19T18:36:30.015Z"}
{"level":"error","message":"ReferenceError: e is not defined\n    at registerUser (C:\\Users\\User\\Desktop\\node.js-microservices\\identity-service\\src\\controllers\\identity-controller.js:44:48)\n    at Layer.handleRequest (C:\\Users\\User\\Desktop\\node.js-microservices\\identity-service\\node_modules\\router\\lib\\layer.js:152:17)\n    at next (C:\\Users\\User\\Desktop\\node.js-microservices\\identity-service\\node_modules\\router\\lib\\route.js:157:13)\n    at Route.dispatch (C:\\Users\\User\\Desktop\\node.js-microservices\\identity-service\\node_modules\\router\\lib\\route.js:117:3)\n    at handle (C:\\Users\\User\\Desktop\\node.js-microservices\\identity-service\\node_modules\\router\\index.js:435:11)\n    at Layer.handleRequest (C:\\Users\\User\\Desktop\\node.js-microservices\\identity-service\\node_modules\\router\\lib\\layer.js:152:17)\n    at C:\\Users\\User\\Desktop\\node.js-microservices\\identity-service\\node_modules\\router\\index.js:295:15\n    at processParams (C:\\Users\\User\\Desktop\\node.js-microservices\\identity-service\\node_modules\\router\\index.js:582:12)\n    at next (C:\\Users\\User\\Desktop\\node.js-microservices\\identity-service\\node_modules\\router\\index.js:291:5)\n    at Function.handle (C:\\Users\\User\\Desktop\\node.js-microservices\\identity-service\\node_modules\\router\\index.js:186:3)","service":"identity-service","timestamp":"2025-07-19T18:36:30.026Z"}
{"level":"info","message":"Connected to the mongo db","service":"identity-service","timestamp":"2025-07-19T18:36:31.295Z"}
{"level":"info","message":"Identity service running on port 3001","service":"identity-service","timestamp":"2025-07-19T18:36:55.140Z"}
{"level":"info","message":"Connected to the mongo db","service":"identity-service","timestamp":"2025-07-19T18:36:57.183Z"}
{"level":"info","message":"Received POST request to /api/auth/register","service":"identity-service","timestamp":"2025-07-19T18:36:59.296Z"}
{"level":"info","message":"Request body,  [object Object]","service":"identity-service","timestamp":"2025-07-19T18:36:59.297Z"}
{"level":"info","message":"Registration endpoint hit...","service":"identity-service","timestamp":"2025-07-19T18:36:59.311Z"}
{"level":"error","message":"Registration error occured User is not defined","service":"identity-service","stack":"ReferenceError: User is not defined\n    at registerUser (C:\\Users\\User\\Desktop\\node.js-microservices\\identity-service\\src\\controllers\\identity-controller.js:23:16)\n    at Layer.handleRequest (C:\\Users\\User\\Desktop\\node.js-microservices\\identity-service\\node_modules\\router\\lib\\layer.js:152:17)\n    at next (C:\\Users\\User\\Desktop\\node.js-microservices\\identity-service\\node_modules\\router\\lib\\route.js:157:13)\n    at Route.dispatch (C:\\Users\\User\\Desktop\\node.js-microservices\\identity-service\\node_modules\\router\\lib\\route.js:117:3)\n    at handle (C:\\Users\\User\\Desktop\\node.js-microservices\\identity-service\\node_modules\\router\\index.js:435:11)\n    at Layer.handleRequest (C:\\Users\\User\\Desktop\\node.js-microservices\\identity-service\\node_modules\\router\\lib\\layer.js:152:17)\n    at C:\\Users\\User\\Desktop\\node.js-microservices\\identity-service\\node_modules\\router\\index.js:295:15\n    at processParams (C:\\Users\\User\\Desktop\\node.js-microservices\\identity-service\\node_modules\\router\\index.js:582:12)\n    at next (C:\\Users\\User\\Desktop\\node.js-microservices\\identity-service\\node_modules\\router\\index.js:291:5)\n    at Function.handle (C:\\Users\\User\\Desktop\\node.js-microservices\\identity-service\\node_modules\\router\\index.js:186:3)","timestamp":"2025-07-19T18:36:59.325Z"}
{"level":"info","message":"Identity service running on port 3001","service":"identity-service","timestamp":"2025-07-19T18:37:23.448Z"}
{"level":"info","message":"Connected to the mongo db","service":"identity-service","timestamp":"2025-07-19T18:37:25.645Z"}
{"level":"info","message":"Identity service running on port 3001","service":"identity-service","timestamp":"2025-07-19T18:38:32.117Z"}
{"level":"info","message":"Connected to the mongo db","service":"identity-service","timestamp":"2025-07-19T18:38:34.047Z"}
{"level":"info","message":"Identity service running on port 3001","service":"identity-service","timestamp":"2025-07-19T18:38:44.395Z"}
{"level":"info","message":"Connected to the mongo db","service":"identity-service","timestamp":"2025-07-19T18:38:46.647Z"}
{"level":"info","message":"Identity service running on port 3001","service":"identity-service","timestamp":"2025-07-19T18:38:56.722Z"}
{"level":"info","message":"Connected to the mongo db","service":"identity-service","timestamp":"2025-07-19T18:38:58.826Z"}
{"level":"info","message":"Received POST request to /api/auth/register","service":"identity-service","timestamp":"2025-07-19T18:39:00.042Z"}
{"level":"info","message":"Request body,  [object Object]","service":"identity-service","timestamp":"2025-07-19T18:39:00.049Z"}
{"level":"info","message":"Registration endpoint hit...","service":"identity-service","timestamp":"2025-07-19T18:39:00.073Z"}
{"buffer":{"data":[104,123,230,68,183,89,209,215,5,235,247,179],"type":"Buffer"},"level":"warn","message":"User saved successfully","service":"identity-service","timestamp":"2025-07-19T18:39:00.780Z"}
{"level":"error","message":"Registration error occured RefreshToken is not defined","service":"identity-service","stack":"ReferenceError: RefreshToken is not defined\n    at generateTokens (C:\\Users\\User\\Desktop\\node.js-microservices\\identity-service\\src\\utils\\generateToken.js:20:3)\n    at registerUser (C:\\Users\\User\\Desktop\\node.js-microservices\\identity-service\\src\\controllers\\identity-controller.js:37:47)\n    at process.processTicksAndRejections (node:internal/process/task_queues:105:5)","timestamp":"2025-07-19T18:39:00.796Z"}
{"level":"info","message":"Identity service running on port 3001","service":"identity-service","timestamp":"2025-07-19T18:41:02.681Z"}
{"level":"info","message":"Received POST request to /api/auth/register","service":"identity-service","timestamp":"2025-07-19T18:41:03.961Z"}
{"level":"info","message":"Request body,  [object Object]","service":"identity-service","timestamp":"2025-07-19T18:41:03.962Z"}
{"level":"info","message":"Registration endpoint hit...","service":"identity-service","timestamp":"2025-07-19T18:41:03.977Z"}
{"level":"info","message":"Connected to the mongo db","service":"identity-service","timestamp":"2025-07-19T18:41:04.991Z"}
{"level":"error","message":"Registration error occured Cannot read properties of undefined (reading 'details')","service":"identity-service","stack":"TypeError: Cannot read properties of undefined (reading 'details')\n    at registerUser (C:\\Users\\User\\Desktop\\node.js-microservices\\identity-service\\src\\controllers\\identity-controller.js:26:48)\n    at process.processTicksAndRejections (node:internal/process/task_queues:105:5)","timestamp":"2025-07-19T18:41:05.307Z"}
{"level":"info","message":"Identity service running on port 3001","service":"identity-service","timestamp":"2025-07-19T18:41:56.878Z"}
{"level":"info","message":"Received POST request to /api/auth/register","service":"identity-service","timestamp":"2025-07-19T18:41:58.184Z"}
{"level":"info","message":"Request body,  [object Object]","service":"identity-service","timestamp":"2025-07-19T18:41:58.186Z"}
{"level":"info","message":"Registration endpoint hit...","service":"identity-service","timestamp":"2025-07-19T18:41:58.202Z"}
{"level":"info","message":"Connected to the mongo db","service":"identity-service","timestamp":"2025-07-19T18:41:59.262Z"}
{"level":"warn","message":"User already exists","service":"identity-service","timestamp":"2025-07-19T18:41:59.461Z"}
{"level":"info","message":"Received POST request to /api/auth/register","service":"identity-service","timestamp":"2025-07-19T18:42:14.459Z"}
{"level":"info","message":"Request body,  [object Object]","service":"identity-service","timestamp":"2025-07-19T18:42:14.461Z"}
{"level":"info","message":"Registration endpoint hit...","service":"identity-service","timestamp":"2025-07-19T18:42:14.467Z"}
{"buffer":{"data":[104,123,231,6,76,226,54,237,30,45,200,116],"type":"Buffer"},"level":"warn","message":"User saved successfully","service":"identity-service","timestamp":"2025-07-19T18:42:15.030Z"}
